<?xml version="1.0" encoding="UTF-8"?>
<!-- Generated by org.testng.reporters.JUnitXMLReporter -->
<testsuite ignored="0" hostname="LAPTOP-4CCF5FDA" failures="0" tests="2" name="Test" time="58.628" errors="0" timestamp="2023-08-29T21:57:09 IST">
  <testcase classname="vtiger.contactTest.CreateContactWithOrgTest" name="createContactwithOrgTest" time="20.034"/>
  <testcase classname="vtiger.OrganizationTest.CreateOrgWithIndustryTest" name="createOrgWithIndustryTest" time="23.567"/>
</testsuite> <!-- Test -->
