<?xml version="1.0" encoding="UTF-8"?>
<testng-results ignored="0" total="1" passed="1" failed="0" skipped="0">
  <reporter-output>
  </reporter-output>
  <suite started-at="2023-09-11T19:14:48 IST" name="Default suite" finished-at="2023-09-11T19:15:16 IST" duration-ms="28524">
    <groups>
    </groups>
    <test started-at="2023-09-11T19:14:48 IST" name="Default test" finished-at="2023-09-11T19:15:16 IST" duration-ms="28524">
      <class name="vtiger.OrganizationTest.CreateOrgWithIndustryTest">
        <test-method is-config="true" signature="bsConfig()[pri:0, instance:vtiger.OrganizationTest.CreateOrgWithIndustryTest@27f981c6]" started-at="2023-09-11T19:14:48 IST" name="bsConfig" finished-at="2023-09-11T19:14:48 IST" duration-ms="6" status="PASS">
          <reporter-output>
          </reporter-output>
        </test-method> <!-- bsConfig -->
        <test-method is-config="true" signature="bcConfig()[pri:0, instance:vtiger.OrganizationTest.CreateOrgWithIndustryTest@27f981c6]" started-at="2023-09-11T19:14:48 IST" name="bcConfig" finished-at="2023-09-11T19:14:54 IST" duration-ms="6152" status="PASS">
          <reporter-output>
          </reporter-output>
        </test-method> <!-- bcConfig -->
        <test-method is-config="true" signature="bmConfig()[pri:0, instance:vtiger.OrganizationTest.CreateOrgWithIndustryTest@27f981c6]" started-at="2023-09-11T19:14:54 IST" name="bmConfig" finished-at="2023-09-11T19:14:56 IST" duration-ms="2010" status="PASS">
          <reporter-output>
          </reporter-output>
        </test-method> <!-- bmConfig -->
        <test-method signature="createOrgWithIndustryTest()[pri:0, instance:vtiger.OrganizationTest.CreateOrgWithIndustryTest@27f981c6]" started-at="2023-09-11T19:14:56 IST" name="createOrgWithIndustryTest" finished-at="2023-09-11T19:15:13 IST" duration-ms="17259" status="PASS">
          <reporter-output>
          </reporter-output>
        </test-method> <!-- createOrgWithIndustryTest -->
        <test-method is-config="true" signature="amConfig()[pri:0, instance:vtiger.OrganizationTest.CreateOrgWithIndustryTest@27f981c6]" started-at="2023-09-11T19:15:13 IST" name="amConfig" finished-at="2023-09-11T19:15:14 IST" duration-ms="1005" status="PASS">
          <reporter-output>
          </reporter-output>
        </test-method> <!-- amConfig -->
        <test-method is-config="true" signature="acConfig()[pri:0, instance:vtiger.OrganizationTest.CreateOrgWithIndustryTest@27f981c6]" started-at="2023-09-11T19:15:14 IST" name="acConfig" finished-at="2023-09-11T19:15:16 IST" duration-ms="1850" status="PASS">
          <reporter-output>
          </reporter-output>
        </test-method> <!-- acConfig -->
        <test-method is-config="true" signature="asConfig()[pri:0, instance:vtiger.OrganizationTest.CreateOrgWithIndustryTest@27f981c6]" started-at="2023-09-11T19:15:17 IST" name="asConfig" finished-at="2023-09-11T19:15:17 IST" duration-ms="0" status="PASS">
          <reporter-output>
          </reporter-output>
        </test-method> <!-- asConfig -->
      </class> <!-- vtiger.OrganizationTest.CreateOrgWithIndustryTest -->
    </test> <!-- Default test -->
  </suite> <!-- Default suite -->
</testng-results>
